<?xml version="1.0" encoding="UTF-8"?>
<!-- Generated by org.testng.reporters.JUnitXMLReporter -->
<testsuite ignored="11" hostname="LAPTOP-C68T54FH" failures="0" tests="2" name="Clarksstorelogin " time="21.722" errors="0" timestamp="2023-05-18T10:38:58 IST">
  <testcase classname="com.hyr.Test.FirstTest" name="launchapplication" time="9.663"/>
  <testcase classname="com.hyr.Test.FirstTest" name="createaccount" time="12.026"/>
  <testcase classname="com.hyr.Test.FirstTest" name="storelocator" time="0.0">
    <ignored/>
  </testcase> <!-- storelocator -->
  <testcase classname="com.hyr.Test.FirstTest" name="verifyemail" time="0.0">
    <ignored/>
  </testcase> <!-- verifyemail -->
  <testcase classname="com.hyr.Test.FirstTest" name="trackorder" time="0.0">
    <ignored/>
  </testcase> <!-- trackorder -->
  <testcase classname="com.hyr.Test.FirstTest" name="verifyLogin" time="0.0">
    <ignored/>
  </testcase> <!-- verifyLogin -->
  <testcase classname="com.hyr.Test.FirstTest" name="login" time="0.0">
    <ignored/>
  </testcase> <!-- login -->
  <testcase classname="com.hyr.Test.FirstTest" name="verifycontact" time="0.0">
    <ignored/>
  </testcase> <!-- verifycontact -->
  <testcase classname="com.hyr.Test.FirstTest" name="verifycart" time="0.0">
    <ignored/>
  </testcase> <!-- verifycart -->
  <testcase classname="com.hyr.Test.FirstTest" name="shopnow" time="0.0">
    <ignored/>
  </testcase> <!-- shopnow -->
  <testcase classname="com.hyr.Test.FirstTest" name="Navigatetomyinfo" time="0.0">
    <ignored/>
  </testcase> <!-- Navigatetomyinfo -->
  <testcase classname="com.hyr.Test.FirstTest" name="navigatetomail" time="0.0">
    <ignored/>
  </testcase> <!-- navigatetomail -->
  <testcase classname="com.hyr.Test.FirstTest" name="verifyimage" time="0.0">
    <ignored/>
  </testcase> <!-- verifyimage -->
</testsuite> <!-- Clarksstorelogin  -->
